C
M 7 0 0 0
M 6 0 -90 0
M 1 -90 0 0
M 0 0 0 0
M 2 90 90 0
M 3 90 90 0
M 4 0 -90 0
M 5 0 0 0
E 6 1 2 0 2 0 7
E 1 1 2 0 2 0 2
E 0 1 2 0 2 0 1
E 2 1 2 0 2 0 3
E 3 1 2 0 2 0 4
E 4 1 2 0 2 0 5
E 5 1 2 0 2 0 6

C
M 7 0 0 0
M 6 0 -90 0
M 1 -90 0 0
M 0 0 0 0
M 2 90 90 0
M 3 90 90 0
M 4 0 -90 0
M 5 0 -90 0
E 6 1 2 0 2 0 7
E 1 1 2 0 2 0 2
E 0 1 2 0 2 0 1
E 2 1 2 0 2 0 3
E 3 1 2 0 2 0 4
E 4 1 2 0 2 0 5
E 5 1 2 0 2 0 6

C
M 7 0 0 0
M 6 0 -90 0
M 1 -90 0 0
M 0 0 0 0
M 2 0 90 0
M 3 90 90 0
M 4 0 -90 0
M 5 0 -90 0
E 6 1 2 0 2 0 7
E 1 1 2 0 2 0 2
E 0 1 2 0 2 0 1
E 2 1 2 0 2 0 3
E 3 1 2 0 2 0 4
E 4 1 2 0 2 0 5
E 5 1 2 0 2 0 6

C
M 7 0 0 0
M 6 0 -90 0
M 1 -90 0 0
M 0 0 0 0
M 2 0 90 0
M 3 0 90 0
M 4 0 -90 0
M 5 0 -90 0
E 6 1 2 0 2 0 7
E 1 1 2 0 2 0 2
E 0 1 2 0 2 0 1
E 2 1 2 0 2 0 3
E 3 1 2 0 2 0 4
E 4 1 2 0 2 0 5
E 5 1 2 0 2 0 6

C
M 7 0 0 0
M 6 0 -90 0
M 1 -90 0 0
M 0 0 0 0
M 2 0 90 0
M 3 0 90 0
M 4 0 -90 0
M 5 0 0 0
E 6 1 2 0 2 0 7
E 1 1 2 0 2 0 2
E 0 1 2 0 2 0 1
E 2 1 2 0 2 0 3
E 3 1 2 0 2 0 4
E 4 1 2 0 2 0 5
E 5 1 2 0 2 0 6
